Checking the trace for lost events...
Timerange: [2016-08-19 00:05:13.152741157, 2016-08-19 00:05:29.324398964]
Per-TID Usage                                                                             Process                   Migrations   Priorities
################################################################################
████████████████████████████████████████████████████████████████████████████████ 2.84 %   apache2 (2847)                     0   [20]
█████████████████████████████████████████████████████████████████████████████    2.75 %   apache2 (8838)                     0   [20]
█████████████████████████████████████████████████████████████████████████████    2.75 %   apache2 (8845)                     0   [20]
█████████████████████████████████████████████████████████████████████████████    2.75 %   apache2 (8931)                     1   [20]
████████████████████████████████████████████████████████████████████████████     2.70 %   apache2 (8743)                     0   [20]
████████████████████████████████████████████████████████████████████████████     2.70 %   apache2 (8768)                     0   [20]
███████████████████████████████████████████████████████████████████████████      2.69 %   apache2 (8846)                     0   [20]
████████████████████████████████████████████████████████████████████████         2.59 %   apache2 (8863)                     0   [20]
███████████████████████████████████████████████████████████████████████          2.54 %   apache2 (8875)                     0   [20]
█████████████████████████████████████████████████████████████████████            2.48 %   apache2 (8882)                     0   [20]
█████████████████████████████████████████████████████████████                    2.18 %   apache2 (8833)                     0   [20]
███████████████████████████████████████████████████████████                      2.12 %   apache2 (8932)                     1   [20]
███████████████████████████████████████████████████████                          1.97 %   apache2 (8933)                     1   [20]
█████████████████████████████████████████████████                                1.76 %   apache2 (8935)                     1   [20]
████████████████████████████████████████████████                                 1.73 %   apache2 (8936)                     1   [20]
██████████████████████████████████████████████                                   1.64 %   apache2 (8934)                     1   [20]
████████████████████████████████████████████                                     1.57 %   apache2 (8937)                     1   [20]
██████████████████████████████████████████                                       1.50 %   kswapd0 (27)                       0   [20]
██████████████████████████████████████                                           1.36 %   apache2 (8941)                     1   [20]
█████████████████████████████████████                                            1.34 %   apache2 (8943)                     1   [20]
████████████████████████████████████                                             1.30 %   apache2 (8944)                     1   [20]
███████████████████████████████████                                              1.27 %   apache2 (8939)                     1   [20]
███████████████████████████████████                                              1.26 %   apache2 (8945)                     1   [20]
███████████████████████████████████                                              1.26 %   apache2 (8942)                     1   [20]
█████████████████████████████████                                                1.20 %   apache2 (8938)                     1   [20]
█████████████████████████████████                                                1.19 %   apache2 (8940)                     1   [20]
███████████████████████████████                                                  1.13 %   apache2 (8948)                     1   [20]
████████████████████████████                                                     1.01 %   apache2 (8956)                     1   [20]
████████████████████████████                                                     1.00 %   apache2 (8947)                     1   [20]
████████████████████████████                                                     1.00 %   apache2 (8959)                     1   [20]
███████████████████████████                                                      0.99 %   apache2 (8958)                     1   [20]
███████████████████████████                                                      0.98 %   apache2 (8955)                     1   [20]
███████████████████████████                                                      0.98 %   apache2 (8960)                     1   [20]
███████████████████████████                                                      0.98 %   apache2 (8952)                     1   [20]
███████████████████████████                                                      0.97 %   apache2 (8957)                     1   [20]
███████████████████████████                                                      0.96 %   apache2 (8951)                     1   [20]
██████████████████████████                                                       0.95 %   apache2 (8949)                     1   [20]
██████████████████████████                                                       0.95 %   apache2 (8946)                     1   [20]
█████████████████████████                                                        0.90 %   apache2 (8953)                     1   [20]
█████████████████████████                                                        0.89 %   apache2 (8963)                     1   [20]
████████████████████████                                                         0.89 %   apache2 (8969)                     1   [20]
████████████████████████                                                         0.88 %   apache2 (8954)                     1   [20]
███████████████████████                                                          0.82 %   apache2 (8975)                     1   [20]
███████████████████████                                                          0.82 %   apache2 (8967)                     1   [20]
██████████████████████                                                           0.81 %   apache2 (8965)                     1   [20]
██████████████████████                                                           0.81 %   apache2 (8950)                     1   [20]
██████████████████████                                                           0.81 %   apache2 (8962)                     1   [20]
█████████████████████                                                            0.75 %   apache2 (8971)                     1   [20]
█████████████████████                                                            0.75 %   apache2 (8966)                     1   [20]
████████████████████                                                             0.74 %   apache2 (8964)                     1   [20]
████████████████████                                                             0.74 %   apache2 (8974)                     1   [20]
████████████████████                                                             0.73 %   apache2 (8972)                     1   [20]
████████████████████                                                             0.73 %   apache2 (8979)                     1   [20]
███████████████████                                                              0.69 %   apache2 (8992)                     1   [20]
███████████████████                                                              0.68 %   apache2 (8988)                     1   [20]
███████████████████                                                              0.68 %   apache2 (8976)                     1   [20]
███████████████████                                                              0.68 %   apache2 (8985)                     1   [20]
██████████████████                                                               0.67 %   apache2 (8973)                     1   [20]
██████████████████                                                               0.66 %   apache2 (8990)                     1   [20]
██████████████████                                                               0.66 %   apache2 (8993)                     1   [20]
██████████████████                                                               0.66 %   apache2 (8991)                     1   [20]
██████████████████                                                               0.65 %   apache2 (8970)                     1   [20]
█████████████████                                                                0.63 %   apache2 (8980)                     1   [20]
█████████████████                                                                0.61 %   apache2 (8989)                     1   [20]
█████████████████                                                                0.61 %   apache2 (8986)                     1   [20]
████████████████                                                                 0.60 %   apache2 (8978)                     1   [20]
████████████████                                                                 0.59 %   apache2 (8977)                     1   [20]
████████████████                                                                 0.58 %   apache2 (8981)                     1   [20]
████████████████                                                                 0.58 %   apache2 (8968)                     1   [20]
████████████████                                                                 0.57 %   apache2 (8984)                     1   [20]
███████████████                                                                  0.56 %   apache2 (8961)                     1   [20]
██████████████                                                                   0.53 %   apache2 (8987)                     1   [20]
██████████████                                                                   0.51 %   apache2 (8983)                     1   [20]
█████████████                                                                    0.49 %   apache2 (1110)                    63   [20]
██████████                                                                       0.37 %   rcuos/0 (8)                        0   [20]
██████████                                                                       0.37 %   lttng-sessiond (8703)              0   [20]
██████                                                                           0.24 %   rcu_sched (7)                      0   [20]
██████                                                                           0.22 %   lttng-consumerd (8825)             0   [20]
█████                                                                            0.20 %   apache2 (8982)                     1   [20]
███                                                                              0.13 %   khugepaged (30)                    0   [39]
█                                                                                0.06 %   kworker/0:1 (25)                   0   [20]
█                                                                                0.06 %   bash (8994)                        1   [20]
█                                                                                0.04 %   ksoftirqd/0 (3)                    0   [20]
                                                                                 0.03 %   lttng-consumerd (8824)             0   [20]
                                                                                 0.01 %   bash (3246)                        1   [20]
                                                                                 0.01 %   sshd (3245)                        0   [20]
                                                                                 0.00 %   lttng (8930)                       0   [20]
                                                                                 0.00 %   jbd2/vda1-8 (129)                  0   [20]
                                                                                 0.00 %   dnsmasq (1061)                     0   [20]
                                                                                 0.00 %   kworker/u3:0 (19)                  0   [0]
                                                                                 0.00 %   kworker/u2:1 (46)                  0   [20]
                                                                                 0.00 %   kworker/u3:2 (128)                 0   [0]
                                                                                 0.00 %   watchdog/0 (12)                    0   [-100]

Per-CPU Usage
################################################################################
████████████████████████████████████████████████████████████████████████████████ 90.03 % CPU 0


Total CPU Usage: 90.03%

