$ lttng-periodlog --top --freq --stats \
	--period 'request : $evt.$name == "syscall_exit_accept4" && $evt.procname == "apache2" : $evt.pid == $begin.$evt.pid && $evt.$name == "syscall_entry_close" && $evt.fd == $begin.$evt.ret' \
	--period-captures 'request : worker_pid = $evt.pid' \
	/tmp/snapshot

Checking the trace for lost events...
Timerange: [2016-08-22 17:39:43.207432404, 2016-08-22 17:40:03.813405703]

Period statistics (us)
Period                       Count           Min           Avg           Max         Stdev
request                        201     52293.439    383478.118   1592023.638    321857.827
Periods duration frequency distribution - Period: request (µs)
################################################################################
52293.439 ████████████████████████████████████████████████████████████████████████ 61
129279.949 ███████████████████████████████                                          27
206266.459 ███████████                                                              10
283252.969 ████                                                                      4
360239.479 ███████████████                                                          13
437225.989 █████████████████████                                                    18
514212.499 █████████████████████████████████████                                    32
591199.009 ████████████████                                                         14
668185.519 █████                                                                     5
745172.029 ████                                                                      4
822158.539 █                                                                         1
899145.048                                                                           0
976131.558 ████                                                                      4
1053118.068 ██                                                                        2
1130104.578                                                                           0
1207091.088                                                                           0
1284077.598                                                                           0
1361064.108                                                                           0
1438050.618 ██                                                                        2
1515037.128 ████                                                                      4


Period log
Begin                End                   Duration (us) Name            Begin capture                       End capture                        
[17:39:56.414545240, 17:39:56.543943584]      129398.344 request         worker_pid = 18956                                                     
[17:39:56.426395981, 17:39:56.564824928]      138428.947 request         worker_pid = 19009                                                     
[17:39:56.438518297, 17:39:56.579349989]      140831.692 request         worker_pid = 17163                                                     
[17:39:56.450433099, 17:39:56.587376680]      136943.581 request         worker_pid = 19007                                                     
[17:39:56.462334984, 17:39:56.617307304]      154972.320 request         worker_pid = 18999                                                     
[17:39:56.474134291, 17:39:56.619227265]      145092.974 request         worker_pid = 19050                                                     
[17:39:56.486442769, 17:39:56.623867080]      137424.311 request         worker_pid = 19051                                                     
[17:39:56.499055852, 17:39:56.644109178]      145053.326 request         worker_pid = 19013                                                     
[17:39:56.511085769, 17:39:56.638470448]      127384.679 request         worker_pid = 19001                                                     
[17:39:56.525258131, 17:39:57.129070487]      603812.356 request         worker_pid = 19006                                                     
[17:39:56.543982602, 17:39:56.687250338]      143267.736 request         worker_pid = 18956                                                     
[17:39:56.564849406, 17:39:56.710369036]      145519.630 request         worker_pid = 19009                                                     
[17:39:56.579375055, 17:39:56.715508962]      136133.907 request         worker_pid = 17163                                                     
[17:39:56.588069444, 17:39:57.183295230]      595225.786 request         worker_pid = 19007                                                     
[17:39:56.617336359, 17:39:56.760775816]      143439.457 request         worker_pid = 18999                                                     
[17:39:56.619250845, 17:39:56.765063910]      145813.065 request         worker_pid = 19050                                                     
[17:39:56.623905005, 17:39:57.219489035]      595584.030 request         worker_pid = 19051                                                     
[17:39:56.638493708, 17:39:57.229349176]      590855.468 request         worker_pid = 19001                                                     
[17:39:56.644132826, 17:39:56.787370204]      143237.378 request         worker_pid = 19013                                                     
[17:39:56.687304972, 17:39:57.257492868]      570187.896 request         worker_pid = 18956                                                     
[17:39:56.710390366, 17:39:57.279677185]      569286.819 request         worker_pid = 19009                                                     
[17:39:56.716147173, 17:39:57.289241625]      573094.452 request         worker_pid = 17163                                                     
[17:39:56.760803776, 17:39:57.334234992]      573431.216 request         worker_pid = 18999                                                     
[17:39:56.765085645, 17:39:57.331906505]      566820.860 request         worker_pid = 19050                                                     
[17:39:56.787390044, 17:39:57.338669100]      551279.056 request         worker_pid = 19013                                                     
[17:39:57.129104249, 17:39:57.630432448]      501328.199 request         worker_pid = 19006                                                     
[17:39:57.183322535, 17:39:57.682407770]      499085.235 request         worker_pid = 19007                                                     
[17:39:57.219525140, 17:39:57.740584239]      521059.099 request         worker_pid = 19051                                                     
[17:39:57.229368594, 17:39:57.724795204]      495426.610 request         worker_pid = 19001                                                     
[17:39:57.257520300, 17:39:57.779284787]      521764.487 request         worker_pid = 18956                                                     
[17:39:57.279700635, 17:39:57.378167782]       98467.147 request         worker_pid = 19009                                                     
[17:39:57.289262751, 17:39:57.409794870]      120532.119 request         worker_pid = 17163                                                     
[17:39:57.331936962, 17:39:57.441956115]      110019.153 request         worker_pid = 19050                                                     
[17:39:57.379071139, 17:39:57.899692939]      520621.800 request         worker_pid = 18999                                                     
[17:39:57.383184950, 17:39:57.483964744]      100779.794 request         worker_pid = 19013                                                     
[17:39:57.410611941, 17:39:57.901323778]      490711.837 request         worker_pid = 19009                                                     
[17:39:57.442155751, 17:39:58.037265435]      595109.684 request         worker_pid = 21133                                                     
[17:39:57.483059393, 17:39:57.976348814]      493289.421 request         worker_pid = 17163                                                     
[17:39:57.488756177, 17:39:57.574537450]       85781.273 request         worker_pid = 19050                                                     
[17:39:57.531300288, 17:39:57.647295004]      115994.716 request         worker_pid = 19013                                                     
[17:39:57.592891869, 17:39:58.119474295]      526582.426 request         worker_pid = 19050                                                     
[17:39:57.630457838, 17:39:57.759339738]      128881.900 request         worker_pid = 19006                                                     
[17:39:57.647311950, 17:39:57.768775906]      121463.956 request         worker_pid = 19013                                                     
[17:39:57.682430424, 17:39:58.204547199]      522116.775 request         worker_pid = 19007                                                     
[17:39:57.741893436, 17:39:57.837074375]       95180.939 request         worker_pid = 19001                                                     
[17:39:57.759604343, 17:39:58.285870612]      526266.269 request         worker_pid = 19051                                                     
[17:39:57.765299427, 17:39:58.285008519]      519709.092 request         worker_pid = 19006                                                     
[17:39:57.791114794, 17:39:57.887440932]       96326.138 request         worker_pid = 19013                                                     
[17:39:57.837903771, 17:39:58.327622804]      489719.033 request         worker_pid = 18956                                                     
[17:39:57.871073289, 17:39:58.350950481]      479877.192 request         worker_pid = 19001                                                     
[17:39:57.898672398, 17:39:57.994997603]       96325.205 request         worker_pid = 19013                                                     
[17:39:57.944772784, 17:39:58.047372809]      102600.025 request         worker_pid = 18999                                                     
[17:39:57.995886709, 17:39:58.524667654]      528780.945 request         worker_pid = 19009                                                     
[17:39:58.007342190, 17:39:58.106094846]       98752.656 request         worker_pid = 17163                                                     
[17:39:58.029861840, 17:39:58.142121037]      112259.197 request         worker_pid = 19013                                                     
[17:39:58.039287623, 17:39:58.596988340]      557700.717 request         worker_pid = 21133                                                     
[17:39:58.047402694, 17:39:58.169865581]      122462.887 request         worker_pid = 18999                                                     
[17:39:58.106129128, 17:39:58.247288112]      141158.984 request         worker_pid = 17163                                                     
[17:39:58.119513761, 17:39:58.694367573]      574853.812 request         worker_pid = 19050                                                     
[17:39:58.142139872, 17:39:58.723341120]      581201.248 request         worker_pid = 19013                                                     
[17:39:58.169882899, 17:39:58.274874855]      104991.956 request         worker_pid = 18999                                                     
[17:39:58.204570207, 17:39:58.775722674]      571152.467 request         worker_pid = 19007                                                     
[17:39:58.247317147, 17:39:58.797140300]      549823.153 request         worker_pid = 17163                                                     
[17:39:58.279291821, 17:39:58.849416449]      570124.628 request         worker_pid = 18999                                                     
[17:39:58.333726577, 17:39:58.420657621]       86931.044 request         worker_pid = 19006                                                     
[17:39:58.365665310, 17:39:58.479594284]      113928.974 request         worker_pid = 19051                                                     
[17:39:58.393983495, 17:39:58.511575685]      117592.190 request         worker_pid = 18956                                                     
[17:39:58.418986073, 17:39:58.997628147]      578642.074 request         worker_pid = 19001                                                     
[17:39:58.451598348, 17:39:58.674435750]      222837.402 request         worker_pid = 21134                                                     
[17:39:58.458941072, 17:39:59.151173954]      692232.882 request         worker_pid = 21135                                                     
[17:39:58.472804682, 17:39:58.584338508]      111533.826 request         worker_pid = 19006                                                     
[17:39:58.506363285, 17:39:59.111560407]      605197.122 request         worker_pid = 19051                                                     
[17:39:58.516792058, 17:39:58.647323128]      130531.070 request         worker_pid = 18956                                                     
[17:39:58.554535810, 17:39:58.667299977]      112764.167 request         worker_pid = 19009                                                     
[17:39:58.595276229, 17:39:59.243614844]      648338.615 request         worker_pid = 19006                                                     
[17:39:58.631724208, 17:39:59.249893906]      618169.698 request         worker_pid = 21133                                                     
[17:39:58.663186350, 17:39:59.315325962]      652139.612 request         worker_pid = 18956                                                     
[17:39:58.667318807, 17:39:59.315358752]      648039.945 request         worker_pid = 19009                                                     
[17:39:58.686280080, 17:39:58.809449837]      123169.757 request         worker_pid = 21134                                                     
[17:39:58.781342662, 17:39:58.872423161]       91080.499 request         worker_pid = 19050                                                     
[17:39:58.810081808, 17:39:59.477512110]      667430.302 request         worker_pid = 19013                                                     
[17:39:58.871155779, 17:39:59.579245843]      708090.064 request         worker_pid = 19007                                                     
[17:39:58.876607387, 17:39:58.997313845]      120706.458 request         worker_pid = 17163                                                     
[17:39:58.898920108, 17:39:59.017798267]      118878.159 request         worker_pid = 21134                                                     
[17:39:58.909801046, 17:39:59.007286671]       97485.625 request         worker_pid = 18999                                                     
[17:39:58.962584411, 17:39:59.095902879]      133318.468 request         worker_pid = 19050                                                     
[17:39:58.997349132, 17:39:59.160097447]      162748.315 request         worker_pid = 17163                                                     
[17:39:58.997644763, 17:39:59.720258911]      722614.148 request         worker_pid = 19001                                                     
[17:39:59.007309014, 17:39:59.728052565]      720743.551 request         worker_pid = 18999                                                     
[17:39:59.017816792, 17:39:59.790580491]      772763.699 request         worker_pid = 21134                                                     
[17:39:59.095937575, 17:39:59.847606792]      751669.217 request         worker_pid = 19050                                                     
[17:39:59.146922726, 17:39:59.910103028]      763180.302 request         worker_pid = 19051                                                     
[17:39:59.198506202, 17:39:59.351326047]      152819.845 request         worker_pid = 21135                                                     
[17:39:59.199668220, 17:39:59.351295231]      151627.011 request         worker_pid = 17163                                                     
[17:39:59.243642842, 17:39:59.395304848]      151662.006 request         worker_pid = 19006                                                     
[17:39:59.340592605, 17:40:00.017091889]      676499.284 request         worker_pid = 21133                                                     
[17:39:59.351928410, 17:40:00.014473298]      662544.888 request         worker_pid = 18956                                                     
[17:39:59.376913334, 17:40:00.019302986]      642389.652 request         worker_pid = 19009                                                     
[17:39:59.400409120, 17:39:59.500635364]      100226.244 request         worker_pid = 17163                                                     
[17:39:59.486400520, 17:40:00.087283043]      600882.523 request         worker_pid = 21135                                                     
[17:39:59.543784161, 17:39:59.680241636]      136457.475 request         worker_pid = 19006                                                     
[17:39:59.560117345, 17:39:59.835302873]      275185.528 request         worker_pid = 21139                                                     
[17:39:59.613073843, 17:39:59.860851364]      247777.521 request         worker_pid = 21136                                                     
[17:39:59.656629190, 17:40:00.275452722]      618823.532 request         worker_pid = 21137                                                     
[17:39:59.691098752, 17:39:59.939225839]      248127.087 request         worker_pid = 21138                                                     
[17:39:59.744189136, 17:39:59.891818313]      147629.177 request         worker_pid = 19013                                                     
[17:39:59.757547443, 17:39:59.891294346]      133746.903 request         worker_pid = 17163                                                     
[17:39:59.814088288, 17:40:00.273316091]      459227.803 request         worker_pid = 19007                                                     
[17:39:59.851321515, 17:40:00.322151210]      470829.695 request         worker_pid = 19006                                                     
[17:39:59.868009727, 17:40:00.339295890]      471286.163 request         worker_pid = 19001                                                     
[17:39:59.869825669, 17:40:00.322519259]      452693.590 request         worker_pid = 18999                                                     
[17:39:59.920392553, 17:40:00.339527481]      419134.928 request         worker_pid = 21134                                                     
[17:39:59.988229519, 17:40:00.067285615]       79056.096 request         worker_pid = 21139                                                     
[17:40:00.054650235, 17:40:00.479097461]      424447.226 request         worker_pid = 19050                                                     
[17:40:00.152365501, 17:40:00.242731212]       90365.711 request         worker_pid = 21136                                                     
[17:40:00.161579633, 17:40:00.257968079]       96388.446 request         worker_pid = 17163                                                     
[17:40:00.166798998, 17:40:00.256963050]       90164.052 request         worker_pid = 19013                                                     
[17:40:00.186735681, 17:40:00.294413680]      107677.999 request         worker_pid = 19051                                                     
[17:40:00.189587654, 17:40:00.298268148]      108680.494 request         worker_pid = 21138                                                     
[17:40:00.242016648, 17:40:00.799297402]      557280.754 request         worker_pid = 18956                                                     
[17:40:00.254237528, 17:40:00.809773628]      555536.100 request         worker_pid = 21133                                                     
[17:40:00.258679796, 17:40:00.819320556]      560640.760 request         worker_pid = 19009                                                     
[17:40:00.274378196, 17:40:00.371404677]       97026.481 request         worker_pid = 21139                                                     
[17:40:00.282027994, 17:40:00.819871700]      537843.706 request         worker_pid = 21135                                                     
[17:40:00.295127049, 17:40:00.835676628]      540549.579 request         worker_pid = 21136                                                     
[17:40:00.340785883, 17:40:00.430388554]       89602.671 request         worker_pid = 19013                                                     
[17:40:00.350332080, 17:40:00.417348586]       67016.506 request         worker_pid = 17163                                                     
[17:40:00.358026635, 17:40:00.867435223]      509408.588 request         worker_pid = 19007                                                     
[17:40:00.415629611, 17:40:00.947289511]      531659.900 request         worker_pid = 21137                                                     
[17:40:00.429446409, 17:40:00.950867209]      521420.800 request         worker_pid = 19051                                                     
[17:40:00.468348733, 17:40:00.576597480]      108248.747 request         worker_pid = 21138                                                     
[17:40:00.476718285, 17:40:00.562936995]       86218.710 request         worker_pid = 19006                                                     
[17:40:00.516765844, 17:40:00.633647820]      116881.976 request         worker_pid = 18999                                                     
[17:40:00.563428350, 17:40:01.120399404]      556971.054 request         worker_pid = 19001                                                     
[17:40:00.570447070, 17:40:00.709142122]      138695.052 request         worker_pid = 21134                                                     
[17:40:00.575389282, 17:40:01.129529711]      554140.429 request         worker_pid = 21139                                                     
[17:40:00.595580199, 17:40:00.691381108]       95800.909 request         worker_pid = 17163                                                     
[17:40:00.610296307, 17:40:00.730378359]      120082.052 request         worker_pid = 19013                                                     
[17:40:00.634378899, 17:40:01.136512606]      502133.707 request         worker_pid = 19050                                                     
[17:40:00.642616498, 17:40:00.764761424]      122144.926 request         worker_pid = 19006                                                     
[17:40:00.690013956, 17:40:01.216252346]      526238.390 request         worker_pid = 21138                                                     
[17:40:00.709831144, 17:40:01.207297200]      497466.056 request         worker_pid = 18999                                                     
[17:40:00.729740985, 17:40:01.223798931]      494057.946 request         worker_pid = 17163                                                     
[17:40:00.765507589, 17:40:01.243475921]      477968.332 request         worker_pid = 21134                                                     
[17:40:00.867512081, 17:40:00.957998687]       90486.606 request         worker_pid = 19013                                                     
[17:40:00.950065945, 17:40:01.035286613]       85220.668 request         worker_pid = 19006                                                     
[17:40:00.958682928, 17:40:01.423297145]      464614.217 request         worker_pid = 18956                                                     
[17:40:01.004946369, 17:40:01.107123008]      102176.639 request         worker_pid = 21133                                                     
[17:40:01.006204666, 17:40:01.112398646]      106193.980 request         worker_pid = 19009                                                     
[17:40:01.024579529, 17:40:01.477215195]      452635.666 request         worker_pid = 21135                                                     
[17:40:01.076524189, 17:40:01.178223370]      101699.181 request         worker_pid = 21136                                                     
[17:40:01.086174631, 17:40:01.520724716]      434550.085 request         worker_pid = 19007                                                     
[17:40:01.091245719, 17:40:01.527417746]      436172.027 request         worker_pid = 21137                                                     
[17:40:01.111141739, 17:40:01.198321819]       87180.080 request         worker_pid = 19051                                                     
[17:40:01.156253448, 17:40:01.246948675]       90695.227 request         worker_pid = 19013                                                     
[17:40:01.176874508, 17:40:01.592861437]      415986.929 request         worker_pid = 19006                                                     
[17:40:01.177130919, 17:40:01.271321162]       94190.243 request         worker_pid = 21133                                                     
[17:40:01.197686364, 17:40:01.593856458]      396170.094 request         worker_pid = 19009                                                     
[17:40:01.243536606, 17:40:01.636389584]      392852.978 request         worker_pid = 19001                                                     
[17:40:01.249319075, 17:40:01.644626616]      395307.541 request         worker_pid = 21139                                                     
[17:40:01.258470824, 17:40:01.318408667]       59937.843 request         worker_pid = 19050                                                     
[17:40:01.319095566, 17:40:01.729624605]      410529.039 request         worker_pid = 21136                                                     
[17:40:01.342476501, 17:40:01.408971346]       66494.845 request         worker_pid = 19051                                                     
[17:40:01.410120589, 17:40:01.811281579]      401160.990 request         worker_pid = 18999                                                     
[17:40:01.494677595, 17:40:01.551199395]       56521.800 request         worker_pid = 21138                                                     
[17:40:01.550501545, 17:40:02.359442355]      808940.810 request         worker_pid = 17163                                                     
[17:40:01.558603340, 17:40:01.634622702]       76019.362 request         worker_pid = 21134                                                     
[17:40:01.563919258, 17:40:01.647347550]       83428.292 request         worker_pid = 19013                                                     
[17:40:01.565694152, 17:40:01.649617630]       83923.478 request         worker_pid = 21133                                                     
[17:40:01.572884237, 17:40:01.625177676]       52293.439 request         worker_pid = 19050                                                     
[17:40:01.622221872, 17:40:02.611555153]      989333.281 request         worker_pid = 19051                                                     
[17:40:01.635168836, 17:40:02.525496429]      890327.593 request         worker_pid = 18956                                                     
[17:40:01.646701799, 17:40:02.723295709]     1076593.910 request         worker_pid = 21135                                                     
[17:40:01.650152532, 17:40:02.727817192]     1077664.660 request         worker_pid = 19007                                                     
[17:40:01.652550996, 17:40:01.732827323]       80276.327 request         worker_pid = 21137                                                     
[17:40:01.665181246, 17:40:01.746971486]       81790.240 request         worker_pid = 21138                                                     
[17:40:01.665442162, 17:40:01.735421522]       69979.360 request         worker_pid = 19006                                                     
[17:40:01.731439276, 17:40:02.768091032]     1036651.756 request         worker_pid = 19009                                                     
[17:40:01.734718625, 17:40:02.751820290]     1017101.665 request         worker_pid = 19050                                                     
[17:40:01.747659636, 17:40:02.789940794]     1042281.158 request         worker_pid = 21134                                                     
[17:40:01.794834826, 17:40:01.963284757]      168449.931 request         worker_pid = 19001                                                     
[17:40:01.817359007, 17:40:02.127284955]      309925.948 request         worker_pid = 21139                                                     
[17:40:01.859280669, 17:40:02.129097250]      269816.581 request         worker_pid = 19013                                                     
[17:40:01.875251250, 17:40:02.160364177]      285112.927 request         worker_pid = 21133                                                     
[17:40:01.883010039, 17:40:02.161772998]      278762.959 request         worker_pid = 21136                                                     
[17:40:01.931292674, 17:40:03.427993171]     1496700.497 request         worker_pid = 21137                                                     
[17:40:02.004569582, 17:40:02.228555636]      223986.054 request         worker_pid = 19006                                                     
[17:40:02.079590294, 17:40:03.612449404]     1532859.110 request         worker_pid = 21138                                                     
[17:40:02.095286489, 17:40:02.328923398]      233636.909 request         worker_pid = 18999                                                     
[17:40:02.099328227, 17:40:03.603872362]     1504544.135 request         worker_pid = 19001                                                     
[17:40:02.135282924, 17:40:03.727306562]     1592023.638 request         worker_pid = 21139                                                     
[17:40:02.162461439, 17:40:03.747688692]     1585227.253 request         worker_pid = 19013                                                     
[17:40:02.219291736, 17:40:03.770965096]     1551673.360 request         worker_pid = 21133                                                     
[17:40:02.747288433, 17:40:02.999411036]      252122.603 request         worker_pid = 19006                                                     
[17:40:02.775295915, 17:40:03.021212166]      245916.251 request         worker_pid = 18999                                                     
[17:40:02.789291742, 17:40:02.984939442]      195647.700 request         worker_pid = 17163                                                     
[17:40:02.988775139, 17:40:03.399299640]      410524.501 request         worker_pid = 19051                                                     
[17:40:03.007292174, 17:40:03.416875037]      409582.863 request         worker_pid = 21135                                                     
[17:40:03.035284841, 17:40:03.389339552]      354054.711 request         worker_pid = 19050                                                     
[17:40:03.052028198, 17:40:03.419424627]      367396.429 request         worker_pid = 19009                                                     
[17:40:03.080584238, 17:40:03.419395854]      338811.616 request         worker_pid = 21134                                                     

Period top
Begin                End                   Duration (us) Name            Begin capture                       End capture                        
[17:40:02.135282924, 17:40:03.727306562]     1592023.638 request         worker_pid = 21139                                                     
[17:40:02.162461439, 17:40:03.747688692]     1585227.253 request         worker_pid = 19013                                                     
[17:40:02.219291736, 17:40:03.770965096]     1551673.360 request         worker_pid = 21133                                                     
[17:40:02.079590294, 17:40:03.612449404]     1532859.110 request         worker_pid = 21138                                                     
[17:40:02.099328227, 17:40:03.603872362]     1504544.135 request         worker_pid = 19001                                                     
[17:40:01.931292674, 17:40:03.427993171]     1496700.497 request         worker_pid = 21137                                                     
[17:40:01.650152532, 17:40:02.727817192]     1077664.660 request         worker_pid = 19007                                                     
[17:40:01.646701799, 17:40:02.723295709]     1076593.910 request         worker_pid = 21135                                                     
[17:40:01.747659636, 17:40:02.789940794]     1042281.158 request         worker_pid = 21134                                                     
[17:40:01.731439276, 17:40:02.768091032]     1036651.756 request         worker_pid = 19009                                                     
