$ lttng-cputop --limit 50 /tmp/snapshot

Checking the trace for lost events...
Timerange: [2016-08-22 17:39:43.207432404, 2016-08-22 17:40:03.813405703]
Per-TID Usage                                                                             Process                   Migrations   Priorities
################################################################################
████████████████████████████████████████████████████████████████████████████████ 3.65 %   bash (21141)                       0   [20]
███████████████████████████████████████████████████                              2.34 %   apache2 (19007)                    0   [20]
███████████████████████████████████████████████████                              2.33 %   apache2 (18956)                    0   [20]
██████████████████████████████████████████████████                               2.32 %   apache2 (19001)                    0   [20]
██████████████████████████████████████████████████                               2.30 %   apache2 (19009)                    0   [20]
█████████████████████████████████████████████████                                2.26 %   apache2 (18999)                    0   [20]
█████████████████████████████████████████████████                                2.25 %   apache2 (19050)                    0   [20]
██████████████████████████████████████████████                                   2.13 %   apache2 (19051)                    0   [20]
██████████████████████████████████████████████                                   2.11 %   apache2 (19006)                    0   [20]
█████████████████████████████████████████████                                    2.05 %   apache2 (17163)                    0   [20]
█████████████████████████████████████████                                        1.89 %   apache2 (19013)                    0   [20]
████████████████████████████████████                                             1.69 %   apache2 (21133)                    0   [20]
████████████████████████████                                                     1.31 %   apache2 (21135)                    0   [20]
████████████████████████████                                                     1.28 %   apache2 (21134)                    0   [20]
█████████████████████                                                            0.98 %   apache2 (21137)                    0   [20]
████████████████████                                                             0.92 %   apache2 (21139)                    0   [20]
███████████████████                                                              0.90 %   apache2 (21136)                    0   [20]
██████████████████                                                               0.83 %   htop (18983)                       0   [20]
████████████████                                                                 0.75 %   apache2 (21138)                    0   [20]
████                                                                             0.19 %   cgmanager (252)                    0   [20]
███                                                                              0.17 %   91-release-upgr (21213)            0   [20]
███                                                                              0.17 %   91-release-upgr (21220)            0   [20]
██                                                                               0.10 %   apache2 (21142)                    0   [20]
██                                                                               0.10 %   systemd-logind (389)               0   [20]
█                                                                                0.07 %   tmux (1228)                        0   [20]
█                                                                                0.06 %   apache2 (21194)                    0   [20]
█                                                                                0.06 %   bash (21148)                       0   [20]
█                                                                                0.06 %   bash (21150)                       0   [20]
█                                                                                0.06 %   rcuos/0 (8)                        0   [20]
█                                                                                0.06 %   bash (21147)                       0   [20]
█                                                                                0.06 %   bash (21149)                       0   [20]
█                                                                                0.06 %   rcu_sched (7)                      0   [20]
█                                                                                0.05 %   sshd (21151)                       0   [20]
█                                                                                0.05 %   bash (21200)                       0   [20]
█                                                                                0.05 %   sshd (21152)                       0   [20]
█                                                                                0.05 %   bash (21201)                       0   [20]
                                                                                 0.03 %   apache2 (1107)                     0   [20]
                                                                                 0.03 %   apache2 (21193)                    0   [20]
                                                                                 0.03 %   sshd (21153)                       0   [20]
                                                                                 0.03 %   sshd (21231)                       0   [20]
                                                                                 0.03 %   sshd (21154)                       0   [20]
                                                                                 0.02 %   sshd (21239)                       0   [20]
                                                                                 0.02 %   sshd (21251)                       0   [20]
                                                                                 0.02 %   sshd (21232)                       0   [20]
                                                                                 0.02 %   bash (21225)                       0   [20]
                                                                                 0.02 %   bash (21227)                       0   [20]
                                                                                 0.02 %   bash (21228)                       0   [20]
                                                                                 0.02 %   bash (21226)                       0   [20]
                                                                                 0.02 %   apt-config (21190)                 0   [20]
                                                                                 0.02 %   apt-config (21204)                 0   [20]

Per-CPU Usage
################################################################################
████████████████████████████████████████████████████████████████████████████████ 36.63 % CPU 0


Total CPU Usage: 36.63%

