Checking the trace for lost events...
Timerange: [2016-08-22 17:39:43.207432404, 2016-08-22 17:40:03.813405703]
Per-process I/O Read                                                                      Process                   Disk       Net        Unknown   
################################################################################
████████████████████████████████████████████████████████████████████████████████ 2.84 MiB apache2 (19007)            92.02 KiB   2.75 MiB   1.41 KiB
███████████████████████████████████████████████████████████████████████████████  2.83 MiB apache2 (19001)            85.11 KiB   2.74 MiB   1.55 KiB
██████████████████████████████████████████████████████████████████████████████   2.79 MiB xz (21141)                  2.79 MiB      0   B      0   B
██████████████████████████████████████████████████████████████████████████████   2.78 MiB apache2 (18999)            82.58 KiB   2.70 MiB   2.11 KiB
█████████████████████████████████████████████████████████████████████████████    2.74 MiB apache2 (18956)            86.21 KiB   2.66 MiB   1.63 KiB
█████████████████████████████████████████████████████████████████████████████    2.74 MiB apache2 (19009)            79.30 KiB   2.66 MiB   1.77 KiB
████████████████████████████████████████████████████████████████████████████     2.71 MiB apache2 (19050)            74.58 KiB   2.64 MiB   2.07 KiB
██████████████████████████████████████████████████████████████████████████       2.63 MiB apache2 (19006)            75.67 KiB   2.55 MiB   2.35 KiB
███████████████████████████████████████████████████████████████████████          2.53 MiB apache2 (17163)            69.86 KiB   2.46 MiB   2.57 KiB
██████████████████████████████████████████████████████████████████████           2.51 MiB apache2 (19051)            71.30 KiB   2.44 MiB   1.76 KiB

Per-process I/O Write                                                                       Process                   Disk       Net        Unknown   
################################################################################
████████████████████████████████████████████████████████████████████████████████   2.77 MiB xz (21141)                  2.77 MiB      0   B      0   B
██████████                                                                       386.34 KiB apache2 (19001)                0   B  38.36 KiB 347.98 KiB
██████████                                                                       385.76 KiB apache2 (19007)                0   B  37.79 KiB 347.97 KiB
█████████                                                                        349.55 KiB apache2 (19009)                0   B  39.14 KiB 310.41 KiB
█████████                                                                        347.33 KiB apache2 (18956)                0   B  38.58 KiB 308.75 KiB
████████                                                                         318.46 KiB apache2 (18999)                0   B  42.12 KiB 276.33 KiB
████████                                                                         313.88 KiB apache2 (19050)                0   B  41.43 KiB 272.45 KiB
████████                                                                         309.83 KiB apache2 (19051)                0   B  36.89 KiB 272.95 KiB
███████                                                                          281.17 KiB apache2 (19006)                0   B  41.40 KiB 239.78 KiB
███████                                                                          261.22 KiB apache2 (21133)                0   B  28.60 KiB 232.62 KiB

Per-file I/O Read                                                                           Path
################################################################################
████████████████████████████████████████████████████████████████████████████████  35.23 MiB 172.18.0.223:3306
██████                                                                             2.79 MiB dmesg.log
█                                                                                816.00 KiB /usr/share/wordpress/wp-content/themes/twentyfourteen/style.css
                                                                                 231.67 KiB /var/www/html/wordpress/.htaccess
                                                                                 185.68 KiB /usr/share/zoneinfo/zone.tab
                                                                                 169.30 KiB /usr/lib/ssl/openssl.cnf
                                                                                 100.63 KiB /usr/lib/python3.4/__pycache__/optparse.cpython-34.pyc
                                                                                  99.94 KiB /lib/x86_64-linux-gnu/libc.so.6
                                                                                  88.74 KiB /usr/lib/python3.4/collections/__pycache__/__init__.cpython-34.pyc
                                                                                  84.79 KiB /usr/lib/python3.4/__pycache__/subprocess.cpython-34.pyc

Per-file I/O Write                                                                          Path
################################################################################
████████████████████████████████████████████████████████████████████████████████   3.67 MiB unknown (apache2)
████████████████████████████████████████████████████████████                       2.77 MiB dmesg.log.xz
███████████                                                                      540.22 KiB 172.18.0.223:3306
█                                                                                 70.21 KiB unknown (sshd)
█                                                                                 61.86 KiB socket:[145534] (lttng-sessiond)
█                                                                                 48.88 KiB socket (systemd-logind)
                                                                                  28.59 KiB /var/log/apache2/access.log
                                                                                  13.40 KiB unknown (cgmanager)
                                                                                  12.85 KiB socket (lttng)
                                                                                  10.67 KiB /dev/pts/5

Block I/O Write                                                                            Process
################################################################################
████████████████████████████████████████████████████████████████████████████████ 48.00 KiB kworker/u2:0 (pid=18993)
████████████████████████████████████████████████████████████████████████████████ 48.00 KiB jbd2/vda1-8 (pid=129)
█████████████                                                                     8.00 KiB kworker/u3:2 (pid=128)
██████                                                                            4.00 KiB kworker/u3:0 (pid=19)

Disk Requests Sector Count                                                                   Disk
################################################################################
████████████████████████████████████████████████████████████████████████████████ 216 sectors vda1

Disk Request Count                                                                           Disk
################################################################################
████████████████████████████████████████████████████████████████████████████████ 17 requests vda1

Disk Request Average Latency                                                             Disk
################################################################################
████████████████████████████████████████████████████████████████████████████████ 0.79 ms vda1

Network Received Bytes                                                                 Interface
################################################################################
                                                                                 0   B lo
                                                                                 0   B eth0

Network Sent Bytes                                                                         Interface
################################################################################
████████████████████████████████████████████████████████████████████████████████  5.06 MiB eth0
                                                                                 23.15 KiB lo

