Checking the trace for lost events...
Timerange: [2016-08-20 20:02:36.526849795, 2016-08-20 20:03:46.302123393]
Periods duration frequency distribution - Period: request (µs)
################################################################################
27913.930 ████████████████████████████████████████████████████████████████████████ 75
126389.952 █████                                                                     6
224865.974                                                                           1
323341.996                                                                           0
421818.018                                                                           0
520294.040                                                                           0
618770.061                                                                           1
717246.083                                                                           0
815722.105                                                                           0
914198.127                                                                           0
1012674.149                                                                           1
1111150.171                                                                           0
1209626.193                                                                           0
1308102.215                                                                           0
1406578.237                                                                           0
1505054.258                                                                           0
1603530.280                                                                           0
1702006.302                                                                           0
1800482.324                                                                           0
1898958.346                                                                           1


Period log
Begin                End                   Duration (us) Name            Begin capture                       End capture                        
[20:03:24.215709550, 20:03:24.845873472]      630163.922 request         worker_pid = 29204                                                     
[20:03:24.847139812, 20:03:24.977784084]      130644.272 request         worker_pid = 29201                                                     
[20:03:24.996019620, 20:03:25.033138688]       37119.068 request         worker_pid = 29439                                                     
[20:03:25.034058804, 20:03:25.143353893]      109295.089 request         worker_pid = 29202                                                     
[20:03:25.515030073, 20:03:25.558936528]       43906.455 request         worker_pid = 29203                                                     
[20:03:25.559996989, 20:03:25.665152603]      105155.614 request         worker_pid = 29205                                                     
[20:03:25.781311720, 20:03:25.819534346]       38222.626 request         worker_pid = 29204                                                     
[20:03:25.820532677, 20:03:25.923621862]      103089.185 request         worker_pid = 29201                                                     
[20:03:26.325312103, 20:03:26.370298184]       44986.081 request         worker_pid = 29439                                                     
[20:03:26.371284727, 20:03:26.483350420]      112065.693 request         worker_pid = 29202                                                     
[20:03:26.937646561, 20:03:26.984377007]       46730.446 request         worker_pid = 29203                                                     
[20:03:26.985268735, 20:03:27.097563687]      112294.952 request         worker_pid = 29205                                                     
[20:03:27.403401947, 20:03:27.459232414]       55830.467 request         worker_pid = 29204                                                     
[20:03:27.460218012, 20:03:27.592829285]      132611.273 request         worker_pid = 29201                                                     
[20:03:28.069519784, 20:03:28.113050840]       43531.056 request         worker_pid = 29439                                                     
[20:03:28.114053867, 20:03:28.233972107]      119918.240 request         worker_pid = 29202                                                     
[20:03:28.623281246, 20:03:28.656630689]       33349.443 request         worker_pid = 29203                                                     
[20:03:28.657530145, 20:03:28.773482110]      115951.965 request         worker_pid = 29205                                                     
[20:03:29.188006483, 20:03:29.225552920]       37546.437 request         worker_pid = 29204                                                     
[20:03:29.226524665, 20:03:29.335513243]      108988.578 request         worker_pid = 29201                                                     
[20:03:29.466399198, 20:03:29.508884545]       42485.347 request         worker_pid = 29439                                                     
[20:03:29.509796444, 20:03:29.612246145]      102449.701 request         worker_pid = 29202                                                     
[20:03:29.990859394, 20:03:30.037791867]       46932.473 request         worker_pid = 29203                                                     
[20:03:30.038758490, 20:03:30.151489388]      112730.898 request         worker_pid = 29205                                                     
[20:03:30.580799191, 20:03:30.621834387]       41035.196 request         worker_pid = 29204                                                     
[20:03:30.622763958, 20:03:30.738788756]      116024.798 request         worker_pid = 29201                                                     
[20:03:31.051021619, 20:03:31.097039153]       46017.534 request         worker_pid = 29439                                                     
[20:03:31.097957257, 20:03:31.219294993]      121337.736 request         worker_pid = 29202                                                     
[20:03:31.557932874, 20:03:31.604428083]       46495.209 request         worker_pid = 29203                                                     
[20:03:31.605332407, 20:03:31.720656267]      115323.860 request         worker_pid = 29205                                                     
[20:03:31.809804055, 20:03:31.857374061]       47570.006 request         worker_pid = 29204                                                     
[20:03:31.858224537, 20:03:31.975553679]      117329.142 request         worker_pid = 29201                                                     
[20:03:32.468592770, 20:03:32.514721865]       46129.095 request         worker_pid = 29439                                                     
[20:03:32.515621086, 20:03:32.617663624]      102042.538 request         worker_pid = 29202                                                     
[20:03:32.706723199, 20:03:32.753187500]       46464.301 request         worker_pid = 29203                                                     
[20:03:32.754005456, 20:03:32.863051253]      109045.797 request         worker_pid = 29205                                                     
[20:03:33.201390289, 20:03:33.253597227]       52206.938 request         worker_pid = 29204                                                     
[20:03:33.254527732, 20:03:33.367531851]      113004.119 request         worker_pid = 29201                                                     
[20:03:33.583552578, 20:03:33.630676199]       47123.621 request         worker_pid = 29439                                                     
[20:03:33.631626999, 20:03:33.754787180]      123160.181 request         worker_pid = 29202                                                     
[20:03:33.812890059, 20:03:33.840803989]       27913.930 request         worker_pid = 29205                                                     
[20:03:33.841621895, 20:03:33.954488832]      112866.937 request         worker_pid = 29204                                                     
[20:03:34.263134991, 20:03:34.301473749]       38338.758 request         worker_pid = 29201                                                     
[20:03:34.302355944, 20:03:34.423445405]      121089.461 request         worker_pid = 29439                                                     
[20:03:34.459492100, 20:03:34.505095310]       45603.210 request         worker_pid = 29202                                                     
[20:03:34.505947566, 20:03:34.626442447]      120494.881 request         worker_pid = 29205                                                     
[20:03:34.885953500, 20:03:34.936771685]       50818.185 request         worker_pid = 29204                                                     
[20:03:34.937793482, 20:03:35.050327236]      112533.754 request         worker_pid = 29201                                                     
[20:03:35.225804365, 20:03:35.278444182]       52639.817 request         worker_pid = 29439                                                     
[20:03:35.279364951, 20:03:35.418898748]      139533.797 request         worker_pid = 29202                                                     
[20:03:35.740017441, 20:03:35.808548481]       68531.040 request         worker_pid = 29971                                                     
[20:03:35.809473302, 20:03:35.919059404]      109586.102 request         worker_pid = 29205                                                     
[20:03:35.974642509, 20:03:36.019849968]       45207.459 request         worker_pid = 29204                                                     
[20:03:36.020850550, 20:03:36.125807215]      104956.665 request         worker_pid = 29201                                                     
[20:03:36.586646321, 20:03:36.630396492]       43750.171 request         worker_pid = 29439                                                     
[20:03:36.631354774, 20:03:36.738898857]      107544.083 request         worker_pid = 29202                                                     
[20:03:37.169970330, 20:03:37.214577472]       44607.142 request         worker_pid = 29971                                                     
[20:03:37.215558419, 20:03:37.329056163]      113497.744 request         worker_pid = 29205                                                     
[20:03:37.811082928, 20:03:37.860070883]       48987.955 request         worker_pid = 29204                                                     
[20:03:37.861091715, 20:03:37.981537976]      120446.261 request         worker_pid = 29201                                                     
[20:03:38.066800675, 20:03:38.110735253]       43934.578 request         worker_pid = 29439                                                     
[20:03:38.111621477, 20:03:38.215640983]      104019.506 request         worker_pid = 29202                                                     
[20:03:38.626597787, 20:03:38.672184346]       45586.559 request         worker_pid = 29971                                                     
[20:03:38.673437575, 20:03:38.818867926]      145430.351 request         worker_pid = 29205                                                     
[20:03:39.008364740, 20:03:39.053652602]       45287.862 request         worker_pid = 29204                                                     
[20:03:39.054657185, 20:03:39.153858020]       99200.835 request         worker_pid = 29201                                                     
[20:03:39.414886093, 20:03:39.458985538]       44099.445 request         worker_pid = 29439                                                     
[20:03:39.460682943, 20:03:39.584087222]      123404.279 request         worker_pid = 29202                                                     
[20:03:39.699470189, 20:03:39.744643738]       45173.549 request         worker_pid = 29971                                                     
[20:03:39.745631522, 20:03:39.845090800]       99459.278 request         worker_pid = 29205                                                     
[20:03:40.267787873, 20:03:40.309605180]       41817.307 request         worker_pid = 29204                                                     
[20:03:40.310574448, 20:03:40.417311009]      106736.561 request         worker_pid = 29201                                                     
[20:03:40.487868665, 20:03:40.528037259]       40168.594 request         worker_pid = 29439                                                     
[20:03:40.529115131, 20:03:40.649751850]      120636.719 request         worker_pid = 29202                                                     
[20:03:40.867346445, 20:03:40.915555992]       48209.547 request         worker_pid = 29971                                                     
[20:03:40.916673448, 20:03:41.083202992]      166529.544 request         worker_pid = 29205                                                     
[20:03:41.551288690, 20:03:41.601617204]       50328.514 request         worker_pid = 29204                                                     
[20:03:41.602634656, 20:03:41.721782167]      119147.511 request         worker_pid = 29201                                                     
[20:03:42.156297995, 20:03:42.193859884]       37561.889 request         worker_pid = 29439                                                     
[20:03:42.194784114, 20:03:44.192218482]     1997434.368 request         worker_pid = 29202                                                     
[20:03:44.414888352, 20:03:45.434187408]     1019299.056 request         worker_pid = 29971                                                     
[20:03:45.427979967, 20:03:45.666117969]      238138.002 request         worker_pid = 29205                                                     
[20:03:45.818198440, 20:03:45.857834937]       39636.497 request         worker_pid = 29204                                                     
[20:03:45.858865298, 20:03:46.078591201]      219725.903 request         worker_pid = 29201                                                     
[20:03:46.084239802, 20:03:46.147774578]       63534.776 request         worker_pid = 29439                                                     

Period top
Begin                End                   Duration (us) Name            Begin capture                       End capture                        
[20:03:42.194784114, 20:03:44.192218482]     1997434.368 request         worker_pid = 29202                                                     
[20:03:44.414888352, 20:03:45.434187408]     1019299.056 request         worker_pid = 29971                                                     
[20:03:24.215709550, 20:03:24.845873472]      630163.922 request         worker_pid = 29204                                                     
[20:03:45.427979967, 20:03:45.666117969]      238138.002 request         worker_pid = 29205                                                     
[20:03:45.858865298, 20:03:46.078591201]      219725.903 request         worker_pid = 29201                                                     
[20:03:40.916673448, 20:03:41.083202992]      166529.544 request         worker_pid = 29205                                                     
[20:03:38.673437575, 20:03:38.818867926]      145430.351 request         worker_pid = 29205                                                     
[20:03:35.279364951, 20:03:35.418898748]      139533.797 request         worker_pid = 29202                                                     
[20:03:27.460218012, 20:03:27.592829285]      132611.273 request         worker_pid = 29201                                                     
[20:03:24.847139812, 20:03:24.977784084]      130644.272 request         worker_pid = 29201                                                     
