$ lttng-iousage --timerange "[2016-08-20 20:03:42.197195165, 2016-08-20 20:03:44.163388223]" /tmp/db-snapshot

Checking the trace for lost events...
Timerange: [2016-08-20 20:03:42.197195165, 2016-08-20 20:03:44.163388223]
Per-process I/O Read                                                                        Process                   Disk       Net        Unknown   
################################################################################
████████████████████████████████████████████████████████████████████████████████   2.71 MiB landscape-sysin (25740)     2.69 MiB      0   B  20.89 KiB
███████████████████                                                              687.48 KiB lsb_release (25758)       687.48 KiB      0   B      0   B
████                                                                             142.82 KiB sshd (25721)              136.09 KiB   2.02 KiB   4.71 KiB
██                                                                                79.16 KiB dumpe2fs (25791)           79.16 KiB      0   B      0   B
█                                                                                 35.93 KiB cgmanager (251)            12.22 KiB      0   B  23.71 KiB
                                                                                  28.90 KiB sshd (25722)                   0   B   3.09 KiB  25.81 KiB
                                                                                  27.16 KiB dumpe2fs (25772)           27.16 KiB      0   B      0   B
                                                                                  13.96 KiB apt-config (25746)         13.96 KiB      0   B      5   B
                                                                                  13.96 KiB apt-config (25748)         13.96 KiB      0   B      5   B
                                                                                  13.96 KiB apt-config (25750)         13.96 KiB      0   B      5   B

Per-process I/O Write                                                                      Process                   Disk       Net        Unknown   
################################################################################
████████████████████████████████████████████████████████████████████████████████ 33.64 KiB mysqld (13684)                 0   B      0   B  33.64 KiB
████████████████████████████████████████████████████████████████                 26.91 KiB sshd (25721)                   6   B   1.05 KiB  25.85 KiB
██████████████████████████████████████████████████████████                       24.39 KiB systemd-logind (672)         696   B  23.71 KiB      0   B
█████████████████████████████████████████████████                                20.86 KiB ldconfig.real (25742)          0   B      0   B  20.86 KiB
███████████████                                                                   6.48 KiB cgmanager (251)               60   B      0   B   6.42 KiB
██████████████                                                                    6.27 KiB sshd (25722)                   0   B   2.34 KiB   3.93 KiB
████                                                                              1.88 KiB dumpe2fs (25772)              29   B      0   B   1.86 KiB
████                                                                              1.85 KiB update-motd-fsc (25774)        0   B      0   B   1.85 KiB
████                                                                              1.85 KiB update-motd-fsc (25778)        0   B      0   B   1.85 KiB
████                                                                              1.85 KiB update-motd-fsc (25782)        0   B      0   B   1.85 KiB

Per-file I/O Read                                                                           Path
################################################################################
████████████████████████████████████████████████████████████████████████████████ 166.80 KiB /usr/lib/python2.7/decimal.pyc
████████████████████████████████████████████████████                             108.62 KiB /usr/lib/python2.7/dist-packages/twisted/internet/interfaces.pyc
█████████████████████████████████████████████████                                103.92 KiB /usr/lib/python2.7/dist-packages/pkg_resources.pyc
████████████████████████████████████████████████                                 100.15 KiB /usr/lib/python2.7/dist-packages/twisted/protocols/amp.pyc
███████████████████████████████                                                   65.00 KiB /dev/vdb1
██████████████████████████████                                                    64.40 KiB /usr/lib/python2.7/dist-packages/configobj.pyc
██████████████████████████                                                        55.90 KiB /usr/lib/python2.7/logging/__init__.pyc
██████████████████████████                                                        55.68 KiB /etc/localtime
██████████████████████████                                                        54.57 KiB /usr/lib/python2.7/dist-packages/zope/interface/interfaces.pyc
█████████████████████████                                                         53.79 KiB /usr/lib/python2.7/dist-packages/twisted/python/filepath.pyc

Per-file I/O Write                                                                         Path
################################################################################
████████████████████████████████████████████████████████████████████████████████ 33.64 KiB unknown (mysqld)
██████████████████████████████████████████████████████████████████████████████   32.85 KiB unknown (sshd)
████████████████████████████████████████████████████████                         23.71 KiB socket (systemd-logind)
█████████████████████████████████████████████████                                20.86 KiB unknown (ldconfig.real)
█████████████████                                                                 7.42 KiB unknown (update-motd-fsc)
███████████████                                                                   6.42 KiB unknown (cgmanager)
████                                                                              1.86 KiB unknown (dumpe2fs)
██                                                                                1.01 KiB socket (sshd)
█                                                                                  860   B unknown (mount)
█                                                                                  590   B /run/motd.dynamic.new

Block I/O Read                                                                              Process
################################################################################
████████████████████████████████████████████████████████████████████████████████  17.38 MiB landscape-sysin (pid=25740)
██████████████████████████████████████████████                                    10.13 MiB lsb_release (pid=25758)
████████████████████████████████████████                                           8.88 MiB sshd (pid=25721)
███████████████████                                                                4.28 MiB apt-config (pid=25746)
█████                                                                              1.14 MiB run-parts (pid=25725)
████                                                                               1.04 MiB find (pid=25754)
████                                                                             944.00 KiB ldconfig.real (pid=25742)
███                                                                              864.00 KiB dumpe2fs (pid=25772)
███                                                                              780.00 KiB dpkg (pid=25747)
███                                                                              768.00 KiB in:imuxsock (pid=682)

Block I/O Write                                                                             Process
################################################################################
████████████████████████████████████████████████████████████████████████████████ 236.86 MiB kworker/u2:0 (pid=23654)
                                                                                   1.69 MiB my_service (pid=25720)
                                                                                  52.00 KiB jbd2/vdb1-8 (pid=554)
                                                                                  48.00 KiB jbd2/vda1-8 (pid=130)
                                                                                  40.00 KiB kswapd0 (pid=28)
                                                                                  32.00 KiB mysqld (pid=13684)
                                                                                   4.00 KiB kworker/u3:2 (pid=129)
                                                                                   4.00 KiB kworker/u3:0 (pid=19)

Disk Requests Sector Count                                                                      Disk
################################################################################
████████████████████████████████████████████████████████████████████████████████ 488880 sectors vdb1
██████████████████                                                               112944 sectors vda1

Disk Request Count                                                                             Disk
################################################################################
████████████████████████████████████████████████████████████████████████████████ 5838 requests vda1
███████                                                                           548 requests vdb1

Disk Request Average Latency                                                              Disk
################################################################################
████████████████████████████████████████████████████████████████████████████████ 44.79 ms vdb1
                                                                                  0.29 ms vda1

Network Received Bytes                                                                 Interface
################################################################################
                                                                                 0   B eth0

Network Sent Bytes                                                                          Interface
################################################################################
████████████████████████████████████████████████████████████████████████████████ 266.99 KiB eth0

