$ lttng-periodlog --top --freq --stats \
	--period 'request : $evt.$name == "syscall_exit_accept4" && $evt.procname == "apache2" : $evt.pid == $begin.$evt.pid && $evt.$name == "syscall_entry_close" && $evt.fd == $begin.$evt.ret' \
	--period-captures 'request : worker_pid = $evt.pid' \
	/tmp/snapshot

Checking the trace for lost events...
Timerange: [2016-08-21 21:48:11.594215361, 2016-08-21 21:48:46.836737557]
Periods duration frequency distribution - Period: request (µs)
################################################################################
43971.141 ████████████████████████████████████████████████████████████████████████ 4
301260.194                                                                          0
558549.246                                                                          0
815838.299                                                                          0
1073127.352                                                                          0
1330416.405                                                                          0
1587705.457                                                                          0
1844994.510                                                                          0
2102283.563                                                                          0
2359572.615                                                                          0
2616861.668                                                                          0
2874150.721                                                                          0
3131439.773                                                                          0
3388728.826                                                                          0
3646017.879                                                                          0
3903306.932                                                                          0
4160595.984                                                                          0
4417885.037                                                                          0
4675174.090                                                                          0
4932463.142 ████████████████████████████████████                                     2


Period log
Begin                End                   Duration (us) Name            Begin capture                       End capture                        
[21:48:16.681284425, 21:48:16.777569199]       96284.774 request         worker_pid = 1249                                                      
[21:48:16.779425132, 21:48:21.969177327]     5189752.195 request         worker_pid = 1113                                                      
[21:48:22.394650059, 21:48:22.474126193]       79476.134 request         worker_pid = 1112                                                      
[21:48:22.475094252, 21:48:22.683166050]      208071.798 request         worker_pid = 1114                                                      
[21:48:22.736456045, 21:48:22.780427186]       43971.141 request         worker_pid = 1115                                                      
[21:48:22.781435607, 21:48:27.939931251]     5158495.644 request         worker_pid = 1111                                                      

Period top
Begin                End                   Duration (us) Name            Begin capture                       End capture                        
[21:48:16.779425132, 21:48:21.969177327]     5189752.195 request         worker_pid = 1113                                                      
[21:48:22.781435607, 21:48:27.939931251]     5158495.644 request         worker_pid = 1111                                                      
[21:48:22.475094252, 21:48:22.683166050]      208071.798 request         worker_pid = 1114                                                      
[21:48:16.681284425, 21:48:16.777569199]       96284.774 request         worker_pid = 1249                                                      
[21:48:22.394650059, 21:48:22.474126193]       79476.134 request         worker_pid = 1112                                                      
[21:48:22.736456045, 21:48:22.780427186]       43971.141 request         worker_pid = 1115                                                      
